Using pre-set license
Built from '2020.2/staging' branch; Version is '2020.2.5f1 (e2c53f129de5) revision 14861631'; Using compiler version '192528614'; Build Type 'Release'
OS: 'Windows 10 Home; OS build 19042.867; Version 2009; 64bit' Language: 'en' Physical Memory: 16303 MB
BatchMode: 1, IsHumanControllingUs: 0, StartBugReporterOnCrash: 0, Is64bit: 1, IsPro: 0

 COMMAND LINE ARGUMENTS:
C:\Program Files\Unity\Hub\Editor\2020.2.5f1\Editor\Unity.exe
-adb2
-batchMode
-noUpm
-name
AssetImportWorker0
-projectPath
C:/Users/adamk/OneDrive/Documents/GitHub/Metroidvania/Metroidvania
-logFile
Logs/AssetImportWorker0.log
-srvPort
52066
Successfully changed project path to: C:/Users/adamk/OneDrive/Documents/GitHub/Metroidvania/Metroidvania
C:/Users/adamk/OneDrive/Documents/GitHub/Metroidvania/Metroidvania
Using Asset Import Pipeline V2.
Refreshing native plugins compatible for Editor in 42.79 ms, found 1 plugins.
Preloading 0 native plugins for Editor in 0.00 ms.
Initialize engine version: 2020.2.5f1 (e2c53f129de5)
[Subsystems] Discovering subsystems at path C:/Program Files/Unity/Hub/Editor/2020.2.5f1/Editor/Data/Resources/UnitySubsystems
[Subsystems] Discovering subsystems at path C:/Users/adamk/OneDrive/Documents/GitHub/Metroidvania/Metroidvania/Assets
GfxDevice: creating device client; threaded=0
Direct3D:
    Version:  Direct3D 11.0 [level 11.1]
    Renderer: NVIDIA GeForce RTX 2080 with Max-Q Design (ID=0x1ed0)
    Vendor:   
    VRAM:     8010 MB
    Driver:   26.21.14.3165
Initialize mono
Mono path[0] = 'C:/Program Files/Unity/Hub/Editor/2020.2.5f1/Editor/Data/Managed'
Mono path[1] = 'C:/Program Files/Unity/Hub/Editor/2020.2.5f1/Editor/Data/MonoBleedingEdge/lib/mono/unityjit'
Mono config path = 'C:/Program Files/Unity/Hub/Editor/2020.2.5f1/Editor/Data/MonoBleedingEdge/etc'
Using monoOptions --debugger-agent=transport=dt_socket,embedding=1,server=y,suspend=n,address=127.0.0.1:56892
Begin MonoManager ReloadAssembly
Registering precompiled unity dll's ...
Register platform support module: C:/Program Files/Unity/Hub/Editor/2020.2.5f1/Editor/Data/PlaybackEngines/WindowsStandaloneSupport/UnityEditor.WindowsStandalone.Extensions.dll
Registered in 0.002612 seconds.
Native extension for WindowsStandalone target not found
Refreshing native plugins compatible for Editor in 44.24 ms, found 1 plugins.
Preloading 0 native plugins for Editor in 0.00 ms.
Invoked RoslynAnalysisRunner static constructor.
RoslynAnalysisRunner will not be running.
RoslynAnalysisRunner has terminated.
Mono: successfully reloaded assembly
- Completed reload, in  1.291 seconds
Platform modules already initialized, skipping
Registering precompiled user dll's ...
Registered in 0.001609 seconds.
Begin MonoManager ReloadAssembly
Native extension for WindowsStandalone target not found
Refreshing native plugins compatible for Editor in 41.52 ms, found 1 plugins.
Preloading 0 native plugins for Editor in 0.00 ms.
Invoked RoslynAnalysisRunner static constructor.
RoslynAnalysisRunner will not be running.
RoslynAnalysisRunner has terminated.
Mono: successfully reloaded assembly
- Completed reload, in  1.022 seconds
Platform modules already initialized, skipping
========================================================================
Worker process is ready to serve import requests
Launched and connected shader compiler UnityShaderCompiler.exe after 0.04 seconds
Refreshing native plugins compatible for Editor in 0.41 ms, found 1 plugins.
Preloading 0 native plugins for Editor in 0.00 ms.
Unloading 2237 Unused Serialized files (Serialized files now loaded: 0)
System memory in use before: 101.8 MB.
System memory in use after: 101.9 MB.

Unloading 22 unused Assets to reduce memory usage. Loaded Objects now: 2690.
Total: 2.380100 ms (FindLiveObjects: 0.189000 ms CreateObjectMapping: 0.090600 ms MarkObjects: 2.027800 ms  DeleteObjects: 0.071600 ms)

========================================================================
Received Import Request.
  path: Assets/Prefabs/Breakable Wall.prefab
  artifactKey: Guid(edd2f6da2bb4a564b9c9c594b1340ab5) Importer(815301076,1909f56bfc062723c751e8b465ee728b)
Start importing Assets/Prefabs/Breakable Wall.prefab using Guid(edd2f6da2bb4a564b9c9c594b1340ab5) Importer(815301076,1909f56bfc062723c751e8b465ee728b)  -> (artifact id: 'eaca7475bfa3fa9b74dbad08ed8be221') in 0.105678 seconds
  Import took 0.109405 seconds .

========================================================================
Received Import Request.
  Time since last request: 0.000329 seconds.
  path: Assets/Prefabs/AI Patrol Point.prefab
  artifactKey: Guid(aa3fa148ff00a4c4dbc6ff0253cbc3f3) Importer(815301076,1909f56bfc062723c751e8b465ee728b)
Start importing Assets/Prefabs/AI Patrol Point.prefab using Guid(aa3fa148ff00a4c4dbc6ff0253cbc3f3) Importer(815301076,1909f56bfc062723c751e8b465ee728b)  -> (artifact id: '736e412272858836e79278016697c226') in 0.009459 seconds
  Import took 0.012871 seconds .

========================================================================
Received Import Request.
  Time since last request: 0.000259 seconds.
  path: Assets/Prefabs/Cameras.prefab
  artifactKey: Guid(1745aa3e86295294ea9af41d3b19f1c3) Importer(815301076,1909f56bfc062723c751e8b465ee728b)
Start importing Assets/Prefabs/Cameras.prefab using Guid(1745aa3e86295294ea9af41d3b19f1c3) Importer(815301076,1909f56bfc062723c751e8b465ee728b)  -> (artifact id: '8c9c89b30dd1c82fedf6df33ba638569') in 0.024721 seconds
  Import took 0.028515 seconds .

========================================================================
Received Import Request.
  Time since last request: 0.000341 seconds.
  path: Assets/Prefabs/Player.prefab
  artifactKey: Guid(43c06026cd1663340b81fa89dd5f8ea1) Importer(815301076,1909f56bfc062723c751e8b465ee728b)
Start importing Assets/Prefabs/Player.prefab using Guid(43c06026cd1663340b81fa89dd5f8ea1) Importer(815301076,1909f56bfc062723c751e8b465ee728b)  -> (artifact id: '05b815dee481b29343596c28893d796b') in 0.030024 seconds
  Import took 0.034264 seconds .

========================================================================
Received Import Request.
  Time since last request: 0.000347 seconds.
  path: Assets/Prefabs/Bullet.prefab
  artifactKey: Guid(f89b1ad6a19c6a64593d1adab49b8620) Importer(815301076,1909f56bfc062723c751e8b465ee728b)
Start importing Assets/Prefabs/Bullet.prefab using Guid(f89b1ad6a19c6a64593d1adab49b8620) Importer(815301076,1909f56bfc062723c751e8b465ee728b)  -> (artifact id: '48abb40e8927228b41729cf2a5574fa3') in 0.020744 seconds
  Import took 0.024883 seconds .

========================================================================
Received Import Request.
  Time since last request: 0.000271 seconds.
  path: Assets/Prefabs/Collectable.prefab
  artifactKey: Guid(f400884326f2c4042ae46ac3ffa263b7) Importer(815301076,1909f56bfc062723c751e8b465ee728b)
Start importing Assets/Prefabs/Collectable.prefab using Guid(f400884326f2c4042ae46ac3ffa263b7) Importer(815301076,1909f56bfc062723c751e8b465ee728b)  -> (artifact id: '568609dd77dd7e7198a6c3c298d39b38') in 0.016099 seconds
  Import took 0.019690 seconds .

========================================================================
Received Import Request.
  Time since last request: 0.000330 seconds.
  path: Assets/Prefabs/Enemy.prefab
  artifactKey: Guid(0fa1337f99889734aa20461ebcc21bb0) Importer(815301076,1909f56bfc062723c751e8b465ee728b)
Start importing Assets/Prefabs/Enemy.prefab using Guid(0fa1337f99889734aa20461ebcc21bb0) Importer(815301076,1909f56bfc062723c751e8b465ee728b)  -> (artifact id: '737a7161d0cde2c0d031c6df0d3a7225') in 0.020960 seconds
  Import took 0.024472 seconds .

========================================================================
Received Prepare
Refreshing native plugins compatible for Editor in 2.03 ms, found 1 plugins.
Preloading 0 native plugins for Editor in 0.00 ms.
Unloading 5 Unused Serialized files (Serialized files now loaded: 0)
System memory in use before: 60.6 MB.
System memory in use after: 60.7 MB.

Unloading 5 unused Assets to reduce memory usage. Loaded Objects now: 2697.
Total: 8.165000 ms (FindLiveObjects: 0.534300 ms CreateObjectMapping: 0.347500 ms MarkObjects: 7.231100 ms  DeleteObjects: 0.048900 ms)

========================================================================
Received Import Request.
  Time since last request: 1.844819 seconds.
  path: Assets/Prefabs/Bullet.prefab
  artifactKey: Guid(f89b1ad6a19c6a64593d1adab49b8620) Importer(815301076,1909f56bfc062723c751e8b465ee728b)
Start importing Assets/Prefabs/Bullet.prefab using Guid(f89b1ad6a19c6a64593d1adab49b8620) Importer(815301076,1909f56bfc062723c751e8b465ee728b)  -> (artifact id: '774e86cb18a10450d38dd84714e0ee81') in 0.013778 seconds
  Import took 0.018086 seconds .

========================================================================
Received Import Request.
  Time since last request: 206.231465 seconds.
  path: Assets/Scripts/PlayerCombat.cs
  artifactKey: Guid(02354232395222a43bb8bb1556a10f45) Importer(815301076,1909f56bfc062723c751e8b465ee728b)
Start importing Assets/Scripts/PlayerCombat.cs using Guid(02354232395222a43bb8bb1556a10f45) Importer(815301076,1909f56bfc062723c751e8b465ee728b)  -> (artifact id: 'fe3daff52f74edb27b22d4903f5520f7') in 0.010646 seconds
  Import took 0.014883 seconds .

========================================================================
Received Import Request.
  Time since last request: 0.001190 seconds.
  path: Assets/Scripts/PlayerCombat.cs
  artifactKey: Guid(02354232395222a43bb8bb1556a10f45) Importer(815301076,1909f56bfc062723c751e8b465ee728b)
Start importing Assets/Scripts/PlayerCombat.cs using Guid(02354232395222a43bb8bb1556a10f45) Importer(815301076,1909f56bfc062723c751e8b465ee728b)  -> (artifact id: 'fe3daff52f74edb27b22d4903f5520f7') in 0.002810 seconds
  Import took 0.006195 seconds .

========================================================================
Received Prepare
Registering precompiled user dll's ...
Registered in 0.001328 seconds.
Begin MonoManager ReloadAssembly
Native extension for WindowsStandalone target not found
Refreshing native plugins compatible for Editor in 0.43 ms, found 1 plugins.
Preloading 0 native plugins for Editor in 0.00 ms.
Invoked RoslynAnalysisRunner static constructor.
RoslynAnalysisRunner will not be running.
RoslynAnalysisRunner has terminated.
Mono: successfully reloaded assembly
- Completed reload, in  0.979 seconds
Platform modules already initialized, skipping
Refreshing native plugins compatible for Editor in 0.45 ms, found 1 plugins.
Preloading 0 native plugins for Editor in 0.00 ms.
Unloading 2212 Unused Serialized files (Serialized files now loaded: 0)
System memory in use before: 103.4 MB.
System memory in use after: 103.5 MB.

Unloading 10 unused Assets to reduce memory usage. Loaded Objects now: 2699.
Total: 2.479300 ms (FindLiveObjects: 0.277200 ms CreateObjectMapping: 0.128100 ms MarkObjects: 2.049800 ms  DeleteObjects: 0.022600 ms)

========================================================================
Received Import Request.
  Time since last request: 32.397819 seconds.
  path: Assets/Scripts/GameManager.cs
  artifactKey: Guid(c686c8f7b3e140f479cf088beac68c30) Importer(815301076,1909f56bfc062723c751e8b465ee728b)
Start importing Assets/Scripts/GameManager.cs using Guid(c686c8f7b3e140f479cf088beac68c30) Importer(815301076,1909f56bfc062723c751e8b465ee728b)  -> (artifact id: 'e5837d106412c7e377652df5278ed626') in 0.005833 seconds
  Import took 0.009957 seconds .

========================================================================
Received Prepare
Registering precompiled user dll's ...
Registered in 0.001288 seconds.
Begin MonoManager ReloadAssembly
Native extension for WindowsStandalone target not found
Refreshing native plugins compatible for Editor in 0.36 ms, found 1 plugins.
Preloading 0 native plugins for Editor in 0.00 ms.
Invoked RoslynAnalysisRunner static constructor.
RoslynAnalysisRunner will not be running.
RoslynAnalysisRunner has terminated.
Mono: successfully reloaded assembly
- Completed reload, in  0.923 seconds
Platform modules already initialized, skipping
Refreshing native plugins compatible for Editor in 0.37 ms, found 1 plugins.
Preloading 0 native plugins for Editor in 0.00 ms.
Unloading 2212 Unused Serialized files (Serialized files now loaded: 0)
System memory in use before: 103.4 MB.
System memory in use after: 103.6 MB.

Unloading 10 unused Assets to reduce memory usage. Loaded Objects now: 2701.
Total: 2.384800 ms (FindLiveObjects: 0.235500 ms CreateObjectMapping: 0.095100 ms MarkObjects: 2.036700 ms  DeleteObjects: 0.016100 ms)

========================================================================
Received Prepare
Registering precompiled user dll's ...
Registered in 0.001357 seconds.
Begin MonoManager ReloadAssembly
Native extension for WindowsStandalone target not found
Refreshing native plugins compatible for Editor in 0.37 ms, found 1 plugins.
Preloading 0 native plugins for Editor in 0.00 ms.
Invoked RoslynAnalysisRunner static constructor.
RoslynAnalysisRunner will not be running.
RoslynAnalysisRunner has terminated.
Mono: successfully reloaded assembly
- Completed reload, in  0.961 seconds
Platform modules already initialized, skipping
Refreshing native plugins compatible for Editor in 0.38 ms, found 1 plugins.
Preloading 0 native plugins for Editor in 0.00 ms.
Unloading 2212 Unused Serialized files (Serialized files now loaded: 0)
System memory in use before: 103.5 MB.
System memory in use after: 103.6 MB.

Unloading 10 unused Assets to reduce memory usage. Loaded Objects now: 2703.
Total: 2.385700 ms (FindLiveObjects: 0.319600 ms CreateObjectMapping: 0.113500 ms MarkObjects: 1.931200 ms  DeleteObjects: 0.019900 ms)

========================================================================
Received Prepare
Registering precompiled user dll's ...
Registered in 0.001372 seconds.
Begin MonoManager ReloadAssembly
Native extension for WindowsStandalone target not found
Refreshing native plugins compatible for Editor in 0.41 ms, found 1 plugins.
Preloading 0 native plugins for Editor in 0.00 ms.
Invoked RoslynAnalysisRunner static constructor.
RoslynAnalysisRunner will not be running.
RoslynAnalysisRunner has terminated.
Mono: successfully reloaded assembly
- Completed reload, in  0.920 seconds
Platform modules already initialized, skipping
Refreshing native plugins compatible for Editor in 0.39 ms, found 1 plugins.
Preloading 0 native plugins for Editor in 0.00 ms.
Unloading 2212 Unused Serialized files (Serialized files now loaded: 0)
System memory in use before: 103.5 MB.
System memory in use after: 103.6 MB.

Unloading 10 unused Assets to reduce memory usage. Loaded Objects now: 2705.
Total: 2.375500 ms (FindLiveObjects: 0.275000 ms CreateObjectMapping: 0.130600 ms MarkObjects: 1.952800 ms  DeleteObjects: 0.015800 ms)

AssetImportWorkerClient::OnTransportError - code=2 error=End of file
